<?xml version="1.0" encoding="UTF-8"?>
<!-- Generated by org.testng.reporters.JUnitReportReporter -->
<testsuite hostname="Android" name="com.mypackage.GoogleSearchTest" tests="1" failures="0" timestamp="21 Jun 2015 21:39:47 GMT" time="110.530" errors="0">
  <testcase name="testing" time="110.530" classname="com.mypackage.GoogleSearchTest"/>
</testsuite> <!-- com.mypackage.GoogleSearchTest -->
